#
# There is insufficient memory for the Java Runtime Environment to continue.
# Native memory allocation (malloc) failed to allocate 1935152 bytes for Chunk::new
# Possible reasons:
#   The system is out of physical RAM or swap space
#   The process is running with CompressedOops enabled, and the Java Heap may be blocking the growth of the native heap
# Possible solutions:
#   Reduce memory load on the system
#   Increase physical memory or swap space
#   Check if swap backing store is full
#   Decrease Java heap size (-Xmx/-Xms)
#   Decrease number of Java threads
#   Decrease Java thread stack sizes (-Xss)
#   Set larger code cache with -XX:ReservedCodeCacheSize=
#   JVM is running with Unscaled Compressed Oops mode in which the Java heap is
#     placed in the first 4GB address space. The Java Heap base address is the
#     maximum limit for the native heap growth. Please use -XX:HeapBaseMinAddress
#     to set the Java Heap base and to place the Java Heap above 4GB virtual address.
# This output file may be truncated or incomplete.
#
#  Out of Memory Error (allocation.cpp:389), pid=18176, tid=0x00000000000028e8
#
# JRE version: OpenJDK Runtime Environment (8.0_242-b01) (build 1.8.0_242-release-1644-b01)
# Java VM: OpenJDK 64-Bit Server VM (25.242-b01 mixed mode windows-amd64 compressed oops)
# Failed to write core dump. Minidumps are not enabled by default on client versions of Windows
#

---------------  T H R E A D  ---------------

Current thread (0x00000000195e2800):  JavaThread "C2 CompilerThread0" daemon [_thread_in_native, id=10472, stack(0x0000000019ec0000,0x0000000019fc0000)]

Stack: [0x0000000019ec0000,0x0000000019fc0000]
[error occurred during error reporting (printing stack bounds), id 0xc0000005]

Native frames: (J=compiled Java code, j=interpreted, Vv=VM code, C=native code)


Current CompileTask:
C2:2995133 23038 % !   4       com.android.tools.r8.dex.r::b @ 13 (2682 bytes)


---------------  P R O C E S S  ---------------

Java Threads: ( => current thread )
  0x000000001eb37800 JavaThread "ForkJoinPool.commonPool-worker-3" daemon [_thread_blocked, id=11344, stack(0x000000002ef60000,0x000000002f060000)]
  0x000000001eb36800 JavaThread "ForkJoinPool.commonPool-worker-2" daemon [_thread_blocked, id=15064, stack(0x000000002ee60000,0x000000002ef60000)]
  0x000000001eb36000 JavaThread "ForkJoinPool.commonPool-worker-1" daemon [_thread_blocked, id=9900, stack(0x000000002dbe0000,0x000000002dce0000)]
  0x000000001eb2e800 JavaThread "ForkJoinPool.commonPool-worker-0" daemon [_thread_blocked, id=19164, stack(0x000000002dae0000,0x000000002dbe0000)]
  0x000000001eb30800 JavaThread "ForkJoinPool.commonPool-worker-7" daemon [_thread_blocked, id=13804, stack(0x000000002d240000,0x000000002d340000)]
  0x000000001eb35000 JavaThread "ForkJoinPool.commonPool-worker-6" daemon [_thread_blocked, id=13784, stack(0x000000002d140000,0x000000002d240000)]
  0x000000001eb32000 JavaThread "ForkJoinPool.commonPool-worker-5" daemon [_thread_blocked, id=19212, stack(0x0000000027700000,0x0000000027800000)]
  0x000000001f14b000 JavaThread "WorkerExecutor Queue Thread 10" [_thread_blocked, id=18516, stack(0x0000000028930000,0x0000000028a30000)]
  0x000000001f14a000 JavaThread "WorkerExecutor Queue Thread 9" [_thread_blocked, id=6840, stack(0x0000000028830000,0x0000000028930000)]
  0x000000001f142800 JavaThread "WorkerExecutor Queue Thread 8" [_thread_blocked, id=4508, stack(0x0000000027e30000,0x0000000027f30000)]
  0x000000001f149800 JavaThread "WorkerExecutor Queue Thread 7" [_thread_in_native, id=22852, stack(0x0000000027d30000,0x0000000027e30000)]
  0x000000001f148000 JavaThread "WorkerExecutor Queue Thread 6" [_thread_blocked, id=13972, stack(0x0000000028730000,0x0000000028830000)]
  0x000000001f145800 JavaThread "WorkerExecutor Queue Thread 5" [_thread_blocked, id=23728, stack(0x0000000028030000,0x0000000028130000)]
  0x000000001f146800 JavaThread "Cache worker for Java compile cache (D:\mwang\Documents\ArknightsOperatorViewer\.gradle\6.1.1\javaCompile)" [_thread_blocked, id=24272, stack(0x0000000027100000,0x0000000027200000)]
  0x000000001f148800 JavaThread "WorkerExecutor Queue Thread 4" [_thread_blocked, id=8892, stack(0x0000000027800000,0x0000000027900000)]
  0x000000001f144000 JavaThread "stdout" [_thread_in_native, id=21876, stack(0x0000000027600000,0x0000000027700000)]
  0x000000001f142000 JavaThread "stderr" [_thread_in_native, id=16584, stack(0x0000000027500000,0x0000000027600000)]
  0x000000001f141000 JavaThread "stdout" [_thread_in_native, id=8976, stack(0x0000000027400000,0x0000000027500000)]
  0x000000001f140800 JavaThread "stderr" [_thread_in_native, id=24532, stack(0x0000000027300000,0x0000000027400000)]
  0x000000001f13f000 JavaThread "pool-29-thread-1" [_thread_blocked, id=23708, stack(0x0000000027200000,0x0000000027300000)]
  0x0000000022118800 JavaThread "WorkerExecutor Queue" [_thread_blocked, id=7552, stack(0x0000000027000000,0x0000000027100000)]
  0x0000000022116000 JavaThread "Cache worker for execution history cache (D:\mwang\Documents\ArknightsOperatorViewer\.gradle\6.1.1\executionHistory)" [_thread_blocked, id=15776, stack(0x0000000026f00000,0x0000000027000000)]
  0x0000000022117800 JavaThread "Execution worker for ':' Thread 7" [_thread_blocked, id=8856, stack(0x0000000026c00000,0x0000000026d00000)]
  0x000000002211b800 JavaThread "Execution worker for ':' Thread 6" [_thread_blocked, id=20516, stack(0x0000000026b00000,0x0000000026c00000)]
  0x000000002211a000 JavaThread "Execution worker for ':' Thread 5" [_thread_blocked, id=4928, stack(0x0000000026a00000,0x0000000026b00000)]
  0x000000002210e800 JavaThread "Execution worker for ':' Thread 4" [_thread_blocked, id=5008, stack(0x0000000026900000,0x0000000026a00000)]
  0x0000000022115800 JavaThread "Execution worker for ':' Thread 3" [_thread_blocked, id=9176, stack(0x0000000026800000,0x0000000026900000)]
  0x0000000022114800 JavaThread "Execution worker for ':' Thread 2" [_thread_blocked, id=23124, stack(0x00000000262d0000,0x00000000263d0000)]
  0x0000000022111000 JavaThread "Execution worker for ':'" [_thread_blocked, id=3204, stack(0x0000000025bd0000,0x0000000025cd0000)]
  0x0000000022113000 JavaThread "Cache worker for file content cache (D:\mwang\Documents\ArknightsOperatorViewer\.gradle\6.1.1\fileContent)" [_thread_blocked, id=20152, stack(0x00000000256d0000,0x00000000257d0000)]
  0x0000000022112800 JavaThread "Cache worker for Build Output Cleanup Cache (D:\mwang\Documents\ArknightsOperatorViewer\.gradle\buildOutputCleanup)" [_thread_blocked, id=2488, stack(0x0000000023a00000,0x0000000023b00000)]
  0x0000000022110000 JavaThread "Build operations Thread 8" [_thread_blocked, id=18820, stack(0x0000000023500000,0x0000000023600000)]
  0x000000002210f800 JavaThread "Build operations Thread 7" [_thread_blocked, id=18020, stack(0x0000000023400000,0x0000000023500000)]
  0x000000002210c800 JavaThread "Build operations Thread 6" [_thread_blocked, id=8132, stack(0x0000000023300000,0x0000000023400000)]
  0x000000002210d000 JavaThread "Build operations Thread 5" [_thread_blocked, id=21564, stack(0x0000000023200000,0x0000000023300000)]
  0x000000002210e000 JavaThread "Build operations Thread 4" [_thread_blocked, id=20428, stack(0x0000000023100000,0x0000000023200000)]
  0x000000001c686800 JavaThread "Build operations Thread 3" [_thread_blocked, id=22424, stack(0x0000000023000000,0x0000000023100000)]
  0x000000001c685800 JavaThread "Build operations Thread 2" [_thread_blocked, id=9244, stack(0x0000000022f00000,0x0000000023000000)]
  0x000000001c688000 JavaThread "Build operations" [_thread_blocked, id=22364, stack(0x0000000022e00000,0x0000000022f00000)]
  0x000000001c685000 JavaThread "Cache worker for cache directory md-rule (C:\Users\mwang\.gradle\caches\6.1.1\md-rule)" [_thread_blocked, id=13772, stack(0x0000000020d80000,0x0000000020e80000)]
  0x000000001c687000 JavaThread "Cache worker for cache directory md-supplier (C:\Users\mwang\.gradle\caches\6.1.1\md-supplier)" [_thread_blocked, id=3772, stack(0x0000000020c80000,0x0000000020d80000)]
  0x000000001c684000 JavaThread "Cache worker for file hash cache (D:\mwang\Documents\ArknightsOperatorViewer\.gradle\6.1.1\fileHashes)" [_thread_blocked, id=20464, stack(0x000000001dee0000,0x000000001dfe0000)]
  0x000000001c689800 JavaThread "Cache worker for checksums cache (D:\mwang\Documents\ArknightsOperatorViewer\.gradle\checksums)" [_thread_blocked, id=9248, stack(0x000000001dde0000,0x000000001dee0000)]
  0x000000001c67c800 JavaThread "Thread-328" [_thread_blocked, id=23224, stack(0x000000001dbe0000,0x000000001dce0000)]
  0x000000001c682000 JavaThread "Stdin handler" [_thread_blocked, id=16812, stack(0x000000001dae0000,0x000000001dbe0000)]
  0x000000001c681000 JavaThread "Asynchronous log dispatcher for DefaultDaemonConnection: socket connection from /127.0.0.1:59549 to /127.0.0.1:62021" [_thread_blocked, id=3152, stack(0x000000001d9e0000,0x000000001dae0000)]
  0x000000001c67a000 JavaThread "Daemon worker Thread 9" [_thread_blocked, id=19480, stack(0x000000001d6e0000,0x000000001d7e0000)]
  0x000000001c680800 JavaThread "Cancel handler" [_thread_blocked, id=18352, stack(0x000000001d5e0000,0x000000001d6e0000)]
  0x000000001c67f800 JavaThread "Handler for socket connection from /127.0.0.1:59549 to /127.0.0.1:62021" [_thread_in_native, id=24432, stack(0x00000000023c0000,0x00000000024c0000)]
  0x000000001c67d000 JavaThread "Daemon Thread 9" [_thread_blocked, id=24340, stack(0x0000000000a00000,0x0000000000b00000)]
  0x000000001c682800 JavaThread "Cache worker for Java compile cache (C:\Users\mwang\.gradle\caches\6.1.1\javaCompile)" [_thread_blocked, id=20928, stack(0x0000000027f30000,0x0000000028030000)]
  0x000000001eb3c800 JavaThread "Cache worker for file content cache (C:\Users\mwang\.gradle\caches\6.1.1\fileContent)" [_thread_blocked, id=6000, stack(0x00000000255d0000,0x00000000256d0000)]
  0x000000001eb3b000 JavaThread "Memory manager" [_thread_blocked, id=16988, stack(0x00000000254d0000,0x00000000255d0000)]
  0x00000000195f9000 JavaThread "Cache worker for execution history cache (C:\Users\mwang\.gradle\caches\6.1.1\executionHistory)" [_thread_blocked, id=13244, stack(0x0000000020e80000,0x0000000020f80000)]
  0x00000000195f7800 JavaThread "Cache worker for file hash cache (C:\Users\mwang\.gradle\caches\6.1.1\fileHashes)" [_thread_blocked, id=13680, stack(0x000000001e3e0000,0x000000001e4e0000)]
  0x00000000195f7000 JavaThread "File lock request listener" [_thread_in_native, id=892, stack(0x000000001e2e0000,0x000000001e3e0000)]
  0x000000001b69f000 JavaThread "Cache worker for journal cache (C:\Users\mwang\.gradle\caches\journal-1)" [_thread_blocked, id=12524, stack(0x000000001e1e0000,0x000000001e2e0000)]
  0x000000001c0b2800 JavaThread "Daemon periodic checks" [_thread_blocked, id=22708, stack(0x000000001d4e0000,0x000000001d5e0000)]
  0x000000001c05f000 JavaThread "Incoming local TCP Connector on port 59549" [_thread_in_native, id=20276, stack(0x000000001d2a0000,0x000000001d3a0000)]
  0x000000001c00d800 JavaThread "Daemon health stats" [_thread_blocked, id=18588, stack(0x000000001cc60000,0x000000001cd60000)]
  0x0000000019668000 JavaThread "Service Thread" daemon [_thread_blocked, id=21940, stack(0x000000001a2c0000,0x000000001a3c0000)]
  0x00000000195f4000 JavaThread "C1 CompilerThread3" daemon [_thread_blocked, id=18160, stack(0x000000001a1c0000,0x000000001a2c0000)]
  0x00000000195f3000 JavaThread "C2 CompilerThread2" daemon [_thread_blocked, id=20164, stack(0x000000001a0c0000,0x000000001a1c0000)]
  0x00000000195e9000 JavaThread "C2 CompilerThread1" daemon [_thread_blocked, id=20244, stack(0x0000000019fc0000,0x000000001a0c0000)]
=>0x00000000195e2800 JavaThread "C2 CompilerThread0" daemon [_thread_in_native, id=10472, stack(0x0000000019ec0000,0x0000000019fc0000)]
  0x00000000195e1800 JavaThread "Attach Listener" daemon [_thread_blocked, id=19012, stack(0x0000000019dc0000,0x0000000019ec0000)]
  0x00000000195e0800 JavaThread "Signal Dispatcher" daemon [_thread_blocked, id=19364, stack(0x0000000019cc0000,0x0000000019dc0000)]
  0x00000000195d1000 JavaThread "Finalizer" daemon [_thread_blocked, id=21596, stack(0x0000000019ab0000,0x0000000019bb0000)]
  0x00000000195d0800 JavaThread "Reference Handler" daemon [_thread_blocked, id=13352, stack(0x00000000199b0000,0x0000000019ab0000)]
  0x000000000071e000 JavaThread "main" [_thread_blocked, id=9428, stack(0x0000000002570000,0x0000000002670000)]

Other Threads:
  0x00000000177d6000 VMThread [stack: 0x00000000194b0000,0x00000000195b0000] [id=18784]
  0x0000000019669000 WatcherThread [stack: 0x000000001a3c0000,0x000000001a4c0000] [id=22968]

VM state:not at safepoint (normal execution)

VM Mutex/Monitor currently owned by a thread: None

OutOfMemory and StackOverflow Exception counts:
OutOfMemoryError java_heap_errors=2

heap address: 0x0000000080000000, size: 2048 MB, Compressed Oops mode: 32-bit
Narrow klass base: 0x0000000000000000, Narrow klass shift: 3
Compressed class space size: 1073741824 Address: 0x0000000100000000

Heap:
 PSYoungGen      total 402432K, used 151506K [0x00000000d5580000, 0x00000000f0800000, 0x0000000100000000)
  eden space 359936K, 30% used [0x00000000d5580000,0x00000000dbff8cb8,0x00000000eb500000)
  from space 42496K, 99% used [0x00000000eb500000,0x00000000ede7be10,0x00000000ede80000)
  to   space 35840K, 0% used [0x00000000ee500000,0x00000000ee500000,0x00000000f0800000)
 ParOldGen       total 308224K, used 116714K [0x0000000080000000, 0x0000000092d00000, 0x00000000d5580000)
  object space 308224K, 37% used [0x0000000080000000,0x00000000871fa9e0,0x0000000092d00000)
 Metaspace       used 94677K, capacity 100350K, committed 100528K, reserved 1136640K
  class space    used 12202K, capacity 13186K, committed 13232K, reserved 1048576K

Card table byte_map: [0x0000000011b30000,0x0000000011f40000] byte_map_base: 0x0000000011730000

Marking Bits: (ParMarkBitMap*) 0x00000000594bf030
 Begin Bits: [0x00000000129f0000, 0x00000000149f0000)
 End Bits:   [0x00000000149f0000, 0x00000000169f0000)

Polling page: 0x0000000000700000

CodeCache: size=245760Kb used=65454Kb max_used=65454Kb free=180305Kb
 bounds [0x0000000002770000, 0x00000000067d0000, 0x0000000011770000]
 total_blobs=18944 nmethods=18065 adapters=789
 compilation: enabled

Compilation events (10 events):
Event: 2994.936 Thread 0x00000000195f4000 23148       3       com.android.zipflinger.ZipSourceEntry::prepare (1 bytes)
Event: 2994.936 Thread 0x00000000195f4000 nmethod 23148 0x00000000033c13d0 code [0x00000000033c1520, 0x00000000033c1670]
Event: 2994.936 Thread 0x00000000195f4000 23149   !   3       sun.reflect.GeneratedConstructorAccessor59::newInstance (246 bytes)
Event: 2994.938 Thread 0x00000000195f4000 nmethod 23149 0x00000000067b3d90 code [0x00000000067b40e0, 0x00000000067b67a8]
Event: 2994.939 Thread 0x00000000195f3000 nmethod 23141 0x00000000067b0690 code [0x00000000067b0820, 0x00000000067b11b8]
Event: 2994.939 Thread 0x00000000195f3000 23145   !   4       sun.nio.ch.FileChannelImpl::size (239 bytes)
Event: 2994.954 Thread 0x00000000195f3000 nmethod 23145 0x00000000067ae690 code [0x00000000067ae860, 0x00000000067af950]
Event: 2994.955 Thread 0x00000000195e9000 nmethod 23136 0x00000000044170d0 code [0x00000000044172a0, 0x0000000004418c38]
Event: 2995.057 Thread 0x00000000195f4000 23150       3       com.android.apksig.internal.util.RandomAccessFileDataSource::checkChunkValid (228 bytes)
Event: 2995.060 Thread 0x00000000195f4000 nmethod 23150 0x00000000067bd650 code [0x00000000067bdb40, 0x00000000067c0b88]

GC Heap History (10 events):
Event: 584.165 GC heap before
{Heap before GC invocations=21 (full 4):
 PSYoungGen      total 336384K, used 306688K [0x00000000d5580000, 0x00000000f2800000, 0x0000000100000000)
  eden space 306688K, 100% used [0x00000000d5580000,0x00000000e8100000,0x00000000e8100000)
  from space 29696K, 0% used [0x00000000eae80000,0x00000000eae80000,0x00000000ecb80000)
  to   space 46592K, 0% used [0x00000000e8100000,0x00000000e8100000,0x00000000eae80000)
 ParOldGen       total 308224K, used 101790K [0x0000000080000000, 0x0000000092d00000, 0x00000000d5580000)
  object space 308224K, 33% used [0x0000000080000000,0x0000000086367948,0x0000000092d00000)
 Metaspace       used 92701K, capacity 97146K, committed 98856K, reserved 1134592K
  class space    used 12023K, capacity 12860K, committed 13232K, reserved 1048576K
Event: 584.182 GC heap after
Heap after GC invocations=21 (full 4):
 PSYoungGen      total 353280K, used 16331K [0x00000000d5580000, 0x00000000efe80000, 0x0000000100000000)
  eden space 306688K, 0% used [0x00000000d5580000,0x00000000d5580000,0x00000000e8100000)
  from space 46592K, 35% used [0x00000000e8100000,0x00000000e90f2ec8,0x00000000eae80000)
  to   space 45056K, 0% used [0x00000000ed280000,0x00000000ed280000,0x00000000efe80000)
 ParOldGen       total 308224K, used 101798K [0x0000000080000000, 0x0000000092d00000, 0x00000000d5580000)
  object space 308224K, 33% used [0x0000000080000000,0x0000000086369948,0x0000000092d00000)
 Metaspace       used 92701K, capacity 97146K, committed 98856K, reserved 1134592K
  class space    used 12023K, capacity 12860K, committed 13232K, reserved 1048576K
}
Event: 1464.037 GC heap before
{Heap before GC invocations=22 (full 4):
 PSYoungGen      total 353280K, used 323019K [0x00000000d5580000, 0x00000000efe80000, 0x0000000100000000)
  eden space 306688K, 100% used [0x00000000d5580000,0x00000000e8100000,0x00000000e8100000)
  from space 46592K, 35% used [0x00000000e8100000,0x00000000e90f2ec8,0x00000000eae80000)
  to   space 45056K, 0% used [0x00000000ed280000,0x00000000ed280000,0x00000000efe80000)
 ParOldGen       total 308224K, used 101798K [0x0000000080000000, 0x0000000092d00000, 0x00000000d5580000)
  object space 308224K, 33% used [0x0000000080000000,0x0000000086369948,0x0000000092d00000)
 Metaspace       used 93256K, capacity 97920K, committed 99248K, reserved 1134592K
  class space    used 12051K, capacity 12913K, committed 13232K, reserved 1048576K
Event: 1464.051 GC heap after
Heap after GC invocations=22 (full 4):
 PSYoungGen      total 372736K, used 14688K [0x00000000d5580000, 0x00000000ef480000, 0x0000000100000000)
  eden space 337920K, 0% used [0x00000000d5580000,0x00000000d5580000,0x00000000e9f80000)
  from space 34816K, 42% used [0x00000000ed280000,0x00000000ee0d8278,0x00000000ef480000)
  to   space 43520K, 0% used [0x00000000e9f80000,0x00000000e9f80000,0x00000000eca00000)
 ParOldGen       total 308224K, used 101806K [0x0000000080000000, 0x0000000092d00000, 0x00000000d5580000)
  object space 308224K, 33% used [0x0000000080000000,0x000000008636b948,0x0000000092d00000)
 Metaspace       used 93256K, capacity 97920K, committed 99248K, reserved 1134592K
  class space    used 12051K, capacity 12913K, committed 13232K, reserved 1048576K
}
Event: 1775.017 GC heap before
{Heap before GC invocations=23 (full 4):
 PSYoungGen      total 372736K, used 352608K [0x00000000d5580000, 0x00000000ef480000, 0x0000000100000000)
  eden space 337920K, 100% used [0x00000000d5580000,0x00000000e9f80000,0x00000000e9f80000)
  from space 34816K, 42% used [0x00000000ed280000,0x00000000ee0d8278,0x00000000ef480000)
  to   space 43520K, 0% used [0x00000000e9f80000,0x00000000e9f80000,0x00000000eca00000)
 ParOldGen       total 308224K, used 101806K [0x0000000080000000, 0x0000000092d00000, 0x00000000d5580000)
  object space 308224K, 33% used [0x0000000080000000,0x000000008636b948,0x0000000092d00000)
 Metaspace       used 94126K, capacity 99738K, committed 100016K, reserved 1136640K
  class space    used 12198K, capacity 13184K, committed 13232K, reserved 1048576K
Event: 1775.024 GC heap after
Heap after GC invocations=23 (full 4):
 PSYoungGen      total 381440K, used 5136K [0x00000000d5580000, 0x00000000f0f80000, 0x0000000100000000)
  eden space 337920K, 0% used [0x00000000d5580000,0x00000000d5580000,0x00000000e9f80000)
  from space 43520K, 11% used [0x00000000e9f80000,0x00000000ea484250,0x00000000eca00000)
  to   space 43520K, 0% used [0x00000000ee500000,0x00000000ee500000,0x00000000f0f80000)
 ParOldGen       total 308224K, used 101814K [0x0000000080000000, 0x0000000092d00000, 0x00000000d5580000)
  object space 308224K, 33% used [0x0000000080000000,0x000000008636d948,0x0000000092d00000)
 Metaspace       used 94126K, capacity 99738K, committed 100016K, reserved 1136640K
  class space    used 12198K, capacity 13184K, committed 13232K, reserved 1048576K
}
Event: 2985.934 GC heap before
{Heap before GC invocations=24 (full 4):
 PSYoungGen      total 381440K, used 343056K [0x00000000d5580000, 0x00000000f0f80000, 0x0000000100000000)
  eden space 337920K, 100% used [0x00000000d5580000,0x00000000e9f80000,0x00000000e9f80000)
  from space 43520K, 11% used [0x00000000e9f80000,0x00000000ea484250,0x00000000eca00000)
  to   space 43520K, 0% used [0x00000000ee500000,0x00000000ee500000,0x00000000f0f80000)
 ParOldGen       total 308224K, used 101814K [0x0000000080000000, 0x0000000092d00000, 0x00000000d5580000)
  object space 308224K, 33% used [0x0000000080000000,0x000000008636d948,0x0000000092d00000)
 Metaspace       used 94333K, capacity 99946K, committed 100016K, reserved 1136640K
  class space    used 12200K, capacity 13186K, committed 13232K, reserved 1048576K
Event: 2985.958 GC heap after
Heap after GC invocations=24 (full 4):
 PSYoungGen      total 395776K, used 11872K [0x00000000d5580000, 0x00000000f0800000, 0x0000000100000000)
  eden space 359936K, 0% used [0x00000000d5580000,0x00000000d5580000,0x00000000eb500000)
  from space 35840K, 33% used [0x00000000ee500000,0x00000000ef0982d8,0x00000000f0800000)
  to   space 42496K, 0% used [0x00000000eb500000,0x00000000eb500000,0x00000000ede80000)
 ParOldGen       total 308224K, used 101822K [0x0000000080000000, 0x0000000092d00000, 0x00000000d5580000)
  object space 308224K, 33% used [0x0000000080000000,0x000000008636f948,0x0000000092d00000)
 Metaspace       used 94333K, capacity 99946K, committed 100016K, reserved 1136640K
  class space    used 12200K, capacity 13186K, committed 13232K, reserved 1048576K
}
Event: 2994.078 GC heap before
{Heap before GC invocations=25 (full 4):
 PSYoungGen      total 395776K, used 371808K [0x00000000d5580000, 0x00000000f0800000, 0x0000000100000000)
  eden space 359936K, 100% used [0x00000000d5580000,0x00000000eb500000,0x00000000eb500000)
  from space 35840K, 33% used [0x00000000ee500000,0x00000000ef0982d8,0x00000000f0800000)
  to   space 42496K, 0% used [0x00000000eb500000,0x00000000eb500000,0x00000000ede80000)
 ParOldGen       total 308224K, used 101822K [0x0000000080000000, 0x0000000092d00000, 0x00000000d5580000)
  object space 308224K, 33% used [0x0000000080000000,0x000000008636f948,0x0000000092d00000)
 Metaspace       used 94633K, capacity 100214K, committed 100528K, reserved 1136640K
  class space    used 12200K, capacity 13186K, committed 13232K, reserved 1048576K
Event: 2994.162 GC heap after
Heap after GC invocations=25 (full 4):
 PSYoungGen      total 402432K, used 42479K [0x00000000d5580000, 0x00000000f0800000, 0x0000000100000000)
  eden space 359936K, 0% used [0x00000000d5580000,0x00000000d5580000,0x00000000eb500000)
  from space 42496K, 99% used [0x00000000eb500000,0x00000000ede7be10,0x00000000ede80000)
  to   space 35840K, 0% used [0x00000000ee500000,0x00000000ee500000,0x00000000f0800000)
 ParOldGen       total 308224K, used 116714K [0x0000000080000000, 0x0000000092d00000, 0x00000000d5580000)
  object space 308224K, 37% used [0x0000000080000000,0x00000000871fa9e0,0x0000000092d00000)
 Metaspace       used 94633K, capacity 100214K, committed 100528K, reserved 1136640K
  class space    used 12200K, capacity 13186K, committed 13232K, reserved 1048576K
}

Deoptimization events (10 events):
Event: 2992.812 Thread 0x0000000022118800 Uncommon trap: reason=class_check action=maybe_recompile pc=0x0000000004b5c174 method=com.android.tools.r8.ir.analysis.type.t.a(Lcom/android/tools/r8/u/b/m1;Lcom/android/tools/r8/ir/analysis/type/u;)V @ 135
Event: 2992.812 Thread 0x0000000022118800 Uncommon trap: reason=class_check action=maybe_recompile pc=0x0000000004b5c174 method=com.android.tools.r8.ir.analysis.type.t.a(Lcom/android/tools/r8/u/b/m1;Lcom/android/tools/r8/ir/analysis/type/u;)V @ 135
Event: 2992.812 Thread 0x0000000022118800 Uncommon trap: reason=class_check action=maybe_recompile pc=0x0000000004b5c174 method=com.android.tools.r8.ir.analysis.type.t.a(Lcom/android/tools/r8/u/b/m1;Lcom/android/tools/r8/ir/analysis/type/u;)V @ 135
Event: 2992.859 Thread 0x000000001f142800 Uncommon trap: reason=predicate action=maybe_recompile pc=0x0000000005cab974 method=java.util.TimSort.mergeLo(IIII)V @ 153
Event: 2992.859 Thread 0x000000001f142800 Uncommon trap: reason=array_check action=maybe_recompile pc=0x0000000005ca7d44 method=java.util.TimSort.mergeHi(IIII)V @ 101
Event: 2992.859 Thread 0x000000001f142800 Uncommon trap: reason=array_check action=maybe_recompile pc=0x0000000005ca7d44 method=java.util.TimSort.mergeHi(IIII)V @ 101
Event: 2992.860 Thread 0x000000001f142800 Uncommon trap: reason=array_check action=maybe_recompile pc=0x0000000005ca7d44 method=java.util.TimSort.mergeHi(IIII)V @ 101
Event: 2992.860 Thread 0x000000001f142800 Uncommon trap: reason=array_check action=maybe_recompile pc=0x0000000005ca7d44 method=java.util.TimSort.mergeHi(IIII)V @ 101
Event: 2995.068 Thread 0x000000001f149800 Uncommon trap: reason=unstable_if action=reinterpret pc=0x0000000005fe7e8c method=sun.nio.ch.NativeThreadSet.signalAndWait()V @ 6
Event: 2995.103 Thread 0x000000001eb36800 Uncommon trap: reason=unstable_if action=reinterpret pc=0x0000000004b58638 method=sun.nio.ch.NativeThreadSet.remove(I)V @ 32

Classes redefined (0 events):
No events

Internal exceptions (10 events):
Event: 2992.995 Thread 0x0000000022118800 Exception <a 'sun/nio/fs/WindowsException'> (0x00000000e46f8358) thrown at [C:\src\AOSP-openjdk-git\hotspot\src\share\vm\prims\jni.cpp, line 710]
Event: 2992.997 Thread 0x0000000022118800 Exception <a 'sun/nio/fs/WindowsException'> (0x00000000e47000a0) thrown at [C:\src\AOSP-openjdk-git\hotspot\src\share\vm\prims\jni.cpp, line 710]
Event: 2993.000 Thread 0x0000000022118800 Exception <a 'sun/nio/fs/WindowsException'> (0x00000000e491e078) thrown at [C:\src\AOSP-openjdk-git\hotspot\src\share\vm\prims\jni.cpp, line 710]
Event: 2993.002 Thread 0x0000000022118800 Exception <a 'sun/nio/fs/WindowsException'> (0x00000000e492b2d8) thrown at [C:\src\AOSP-openjdk-git\hotspot\src\share\vm\prims\jni.cpp, line 710]
Event: 2993.003 Thread 0x0000000022118800 Exception <a 'sun/nio/fs/WindowsException'> (0x00000000e4932980) thrown at [C:\src\AOSP-openjdk-git\hotspot\src\share\vm\prims\jni.cpp, line 710]
Event: 2993.005 Thread 0x0000000022118800 Exception <a 'sun/nio/fs/WindowsException'> (0x00000000e4a2ffe0) thrown at [C:\src\AOSP-openjdk-git\hotspot\src\share\vm\prims\jni.cpp, line 710]
Event: 2993.677 Thread 0x000000001f14b000 Exception <a 'sun/nio/fs/WindowsException'> (0x00000000e5ccb700) thrown at [C:\src\AOSP-openjdk-git\hotspot\src\share\vm\prims\jni.cpp, line 710]
Event: 2994.706 Thread 0x000000001eb36800 Exception <a 'sun/nio/fs/WindowsException'> (0x00000000dae023f0) thrown at [C:\src\AOSP-openjdk-git\hotspot\src\share\vm\prims\jni.cpp, line 710]
Event: 2995.057 Thread 0x000000001eb37800 Exception <a 'java/lang/OutOfMemoryError'> (0x00000000dbfcaaf8) thrown at [C:\src\AOSP-openjdk-git\hotspot\src\share\vm\prims\unsafe.cpp, line 618]
Event: 2995.067 Thread 0x000000001eb32000 Exception <a 'java/lang/OutOfMemoryError'> (0x00000000db40fd48) thrown at [C:\src\AOSP-openjdk-git\hotspot\src\share\vm\prims\unsafe.cpp, line 618]

Events (10 events):
Event: 2995.057 Executing VM operation: BulkRevokeBias done
Event: 2995.068 Thread 0x000000001f149800 Uncommon trap: trap_request=0xffffff65 fr.pc=0x0000000005fe7e8c
Event: 2995.068 Thread 0x000000001f149800 DEOPT PACKING pc=0x0000000005fe7e8c sp=0x0000000027e2e070
Event: 2995.068 Thread 0x000000001f149800 DEOPT UNPACKING pc=0x00000000027b557b sp=0x0000000027e2df78 mode 2
Event: 2995.103 Thread 0x000000001eb36800 Uncommon trap: trap_request=0xffffff65 fr.pc=0x0000000004b58638
Event: 2995.103 Thread 0x000000001eb36800 DEOPT PACKING pc=0x0000000004b58638 sp=0x000000002ef5f020
Event: 2995.103 Thread 0x000000001eb36800 DEOPT UNPACKING pc=0x00000000027b557b sp=0x000000002ef5ef78 mode 2
Event: 2995.103 loading class com/google/common/base/Throwables
Event: 2995.103 loading class com/google/common/base/Throwables done
Event: 2995.106 loading class sun/misc/JavaIOAccess


Dynamic libraries:
0x00007ff6abd80000 - 0x00007ff6abdb1000 	D:\Program Files\Android\Android Studio\jre\bin\java.exe
0x00007ffb63440000 - 0x00007ffb63630000 	C:\WINDOWS\SYSTEM32\ntdll.dll
0x00007ffb62ec0000 - 0x00007ffb62f72000 	C:\WINDOWS\System32\KERNEL32.DLL
0x00007ffb603f0000 - 0x00007ffb60694000 	C:\WINDOWS\System32\KERNELBASE.dll
0x00007ffb62200000 - 0x00007ffb622a3000 	C:\WINDOWS\System32\ADVAPI32.dll
0x00007ffb620e0000 - 0x00007ffb6217e000 	C:\WINDOWS\System32\msvcrt.dll
0x00007ffb61e90000 - 0x00007ffb61f27000 	C:\WINDOWS\System32\sechost.dll
0x00007ffb61620000 - 0x00007ffb61740000 	C:\WINDOWS\System32\RPCRT4.dll
0x00007ffb62740000 - 0x00007ffb628d4000 	C:\WINDOWS\System32\USER32.dll
0x00007ffb603c0000 - 0x00007ffb603e1000 	C:\WINDOWS\System32\win32u.dll
0x00007ffb62000000 - 0x00007ffb62026000 	C:\WINDOWS\System32\GDI32.dll
0x00007ffb60780000 - 0x00007ffb60916000 	C:\WINDOWS\System32\gdi32full.dll
0x00007ffb60b50000 - 0x00007ffb60bee000 	C:\WINDOWS\System32\msvcp_win.dll
0x00007ffb609a0000 - 0x00007ffb60a9a000 	C:\WINDOWS\System32\ucrtbase.dll
0x00007ffb54bc0000 - 0x00007ffb54e44000 	C:\WINDOWS\WinSxS\amd64_microsoft.windows.common-controls_6595b64144ccf1df_6.0.18362.959_none_e6c7bbbf130c62bb\COMCTL32.dll
0x00007ffb62f80000 - 0x00007ffb632b5000 	C:\WINDOWS\System32\combase.dll
0x00007ffb60920000 - 0x00007ffb609a0000 	C:\WINDOWS\System32\bcryptPrimitives.dll
0x00007ffb62960000 - 0x00007ffb6298e000 	C:\WINDOWS\System32\IMM32.DLL
0x0000000059640000 - 0x0000000059712000 	D:\Program Files\Android\Android Studio\jre\jre\bin\msvcr100.dll
0x0000000058cf0000 - 0x000000005953b000 	D:\Program Files\Android\Android Studio\jre\jre\bin\server\jvm.dll
0x00007ffb633e0000 - 0x00007ffb633e8000 	C:\WINDOWS\System32\PSAPI.DLL
0x00007ffb51fe0000 - 0x00007ffb51fea000 	C:\WINDOWS\SYSTEM32\VERSION.dll
0x00007ffb5cfb0000 - 0x00007ffb5cfd4000 	C:\WINDOWS\SYSTEM32\WINMM.dll
0x00007ffb5cf80000 - 0x00007ffb5cfad000 	C:\WINDOWS\SYSTEM32\WINMMBASE.dll
0x00007ffb606a0000 - 0x00007ffb606ea000 	C:\WINDOWS\System32\cfgmgr32.dll
0x00007ffb4f9b0000 - 0x00007ffb4f9b9000 	C:\WINDOWS\SYSTEM32\WSOCK32.dll
0x00000000024c0000 - 0x000000000252f000 	C:\WINDOWS\System32\ws2_32.DLL
0x00007ffb5bba0000 - 0x00007ffb5bbaf000 	D:\Program Files\Android\Android Studio\jre\jre\bin\verify.dll
0x00007ffb54540000 - 0x00007ffb54569000 	D:\Program Files\Android\Android Studio\jre\jre\bin\java.dll
0x00007ffb54f40000 - 0x00007ffb54f56000 	D:\Program Files\Android\Android Studio\jre\jre\bin\zip.dll
0x00007ffb617a0000 - 0x00007ffb61e86000 	C:\WINDOWS\System32\SHELL32.dll
0x00007ffb62030000 - 0x00007ffb620d9000 	C:\WINDOWS\System32\shcore.dll
0x00007ffb60d60000 - 0x00007ffb614e2000 	C:\WINDOWS\System32\windows.storage.dll
0x00007ffb60370000 - 0x00007ffb60393000 	C:\WINDOWS\System32\profapi.dll
0x00007ffb60300000 - 0x00007ffb6034a000 	C:\WINDOWS\System32\powrprof.dll
0x00007ffb602f0000 - 0x00007ffb60300000 	C:\WINDOWS\System32\UMPDC.dll
0x00007ffb614f0000 - 0x00007ffb61542000 	C:\WINDOWS\System32\shlwapi.dll
0x00007ffb603a0000 - 0x00007ffb603b1000 	C:\WINDOWS\System32\kernel.appcore.dll
0x00007ffb60bf0000 - 0x00007ffb60c07000 	C:\WINDOWS\System32\cryptsp.dll
0x00007ffb511d0000 - 0x00007ffb511ea000 	D:\Program Files\Android\Android Studio\jre\jre\bin\net.dll
0x00007ffb5fb00000 - 0x00007ffb5fb67000 	C:\WINDOWS\system32\mswsock.dll
0x00007ffb4dfc0000 - 0x00007ffb4dfd3000 	D:\Program Files\Android\Android Studio\jre\jre\bin\nio.dll
0x00007ffb48950000 - 0x00007ffb48976000 	C:\Users\mwang\.gradle\native\31\windows-amd64\native-platform.dll
0x00007ffb59680000 - 0x00007ffb5968d000 	D:\Program Files\Android\Android Studio\jre\jre\bin\management.dll
0x00007ffb5f670000 - 0x00007ffb5f6a3000 	C:\WINDOWS\system32\rsaenh.dll
0x00007ffb60750000 - 0x00007ffb60776000 	C:\WINDOWS\System32\bcrypt.dll
0x00007ffb601e0000 - 0x00007ffb60205000 	C:\WINDOWS\SYSTEM32\USERENV.dll
0x00007ffb5fcd0000 - 0x00007ffb5fcdc000 	C:\WINDOWS\SYSTEM32\CRYPTBASE.dll
0x00007ffb5f810000 - 0x00007ffb5f84a000 	C:\WINDOWS\SYSTEM32\IPHLPAPI.DLL
0x00007ffb632c0000 - 0x00007ffb632c8000 	C:\WINDOWS\System32\NSI.dll
0x00007ffb5ac70000 - 0x00007ffb5ac86000 	C:\WINDOWS\SYSTEM32\dhcpcsvc6.DLL
0x00007ffb5aba0000 - 0x00007ffb5abbc000 	C:\WINDOWS\SYSTEM32\dhcpcsvc.DLL
0x00007ffb5f850000 - 0x00007ffb5f91b000 	C:\WINDOWS\SYSTEM32\DNSAPI.dll

VM Arguments:
jvm_args: -Xmx2048m -Dfile.encoding=windows-1252 -Duser.country=US -Duser.language=en -Duser.variant 
java_command: org.gradle.launcher.daemon.bootstrap.GradleDaemon 6.1.1
java_class_path (initial): C:\Users\mwang\.gradle\wrapper\dists\gradle-6.1.1-all\cfmwm155h49vnt3hynmlrsdst\gradle-6.1.1\lib\gradle-launcher-6.1.1.jar
Launcher Type: SUN_STANDARD

Environment Variables:
PATH=C:\ProgramData\Oracle\Java\javapath;C:\Windows\system32;C:\Windows;C:\Windows\System32\Wbem;C:\Windows\System32\WindowsPowerShell\v1.0\;C:\Program Files (x86)\NVIDIA Corporation\PhysX\Common;C:\WINDOWS\system32;C:\WINDOWS;C:\WINDOWS\System32\Wbem;C:\WINDOWS\System32\WindowsPowerShell\v1.0\;C:\WINDOWS\System32\OpenSSH\;C:\MinGW\bin;D:\Program Files\Git\cmd;C:\Program Files\NVIDIA Corporation\NVIDIA NvDLISR;C:\Program Files\PuTTY\;C:\WINDOWS\system32;C:\WINDOWS;C:\WINDOWS\System32\Wbem;C:\WINDOWS\System32\WindowsPowerShell\v1.0\;C:\WINDOWS\System32\OpenSSH\;C:\Program Files\dotnet\;C:\Program Files\MySQL\MySQL Shell 8.0\bin\;C:\Users\mwang\anaconda3;C:\Users\mwang\anaconda3\Library\mingw-w64\bin;C:\Users\mwang\anaconda3\Library\usr\bin;C:\Users\mwang\anaconda3\Library\bin;C:\Users\mwang\anaconda3\Scripts;C:\Users\mwang\AppData\Local\Microsoft\WindowsApps;;C:\Users\mwang\AppData\Local\Microsoft\WindowsApps;D:\Program Files\JetBrains\PyCharm Community Edition 2020.1.4\bin;
USERNAME=mwang
OS=Windows_NT
PROCESSOR_IDENTIFIER=AMD64 Family 21 Model 2 Stepping 0, AuthenticAMD



---------------  S Y S T E M  ---------------

OS: Windows 10.0 , 64 bit Build 18362 (10.0.18362.959)

CPU:total 8 (initial active 8) (8 cores per cpu, 1 threads per core) family 21 model 2 stepping 0, cmov, cx8, fxsr, mmx, sse, sse2, sse3, ssse3, sse4.1, sse4.2, popcnt, avx, aes, clmul, mmxext, 3dnowpref, lzcnt, sse4a, tsc, tscinvbit, tscinv, bmi1

Memory: 4k page, physical 16742276k(1901116k free), swap 31334216k(6984k free)

vm_info: OpenJDK 64-Bit Server VM (25.242-b01) for windows-amd64 JRE (1.8.0_242-release-1644-b01), built by "builder" with MS VC++ 10.0 (VS2010)

time: Fri Aug 07 02:10:05 2020
timezone: US Mountain Standard Time
elapsed time: 2995 seconds (0d 0h 49m 55s)

